<?xml version="1.0" encoding="UTF-8"?>
<!-- Generated by org.testng.reporters.JUnitXMLReporter -->
<testsuite ignored="1" hostname="ISBLT-9310" failures="0" tests="9" name="Regression Test Suite " time="0.428" errors="0" timestamp="2023-05-25T16:23:25 PKT">
  <testcase classname="com.apdr.setup.TestBase" name="@BeforeTest initialization" time="0.106">
    <failure type="java.lang.IllegalStateException" message="The driver executable does not exist: C:\Users\sohaib.naseer\git\repository\AP_DR\AP_DR\chrome\chromedriver.exe">
      <![CDATA[java.lang.IllegalStateException: The driver executable does not exist: C:\Users\sohaib.naseer\git\repository\AP_DR\AP_DR\chrome\chromedriver.exe
at com.google.common.base.Preconditions.checkState(Preconditions.java:585)
at org.openqa.selenium.remote.service.DriverService.checkExecutable(DriverService.java:146)
at org.openqa.selenium.remote.service.DriverService.findExecutable(DriverService.java:141)
at org.openqa.selenium.chrome.ChromeDriverService.access$000(ChromeDriverService.java:35)
at org.openqa.selenium.chrome.ChromeDriverService$Builder.findDefaultExecutable(ChromeDriverService.java:159)
at org.openqa.selenium.remote.service.DriverService$Builder.build(DriverService.java:355)
at org.openqa.selenium.chrome.ChromeDriverService.createDefaultService(ChromeDriverService.java:94)
at org.openqa.selenium.chrome.ChromeDriver.<init>(ChromeDriver.java:123)
at com.apdr.setup.TestBase.initialization(TestBase.java:49)
... Removed 24 stack frames]]>
    </failure>
  </testcase> <!-- @BeforeTest initialization -->
  <testcase classname="com.apdr.testcases.NewsAlertContent" name="@BeforeTest addNewsAlertContentInitialization" time="-1.685013805298E9">
    <skipped/>
  </testcase> <!-- @BeforeTest addNewsAlertContentInitialization -->
  <testcase classname="com.apdr.testcases.LogInTestCases" name="@BeforeTest loginIntialization" time="-1.685013805299E9">
    <skipped/>
  </testcase> <!-- @BeforeTest loginIntialization -->
  <testcase classname="com.apdr.testcases.LogInTestCases" name="@AfterTest teardown" time="-1.685013805441E9">
    <skipped/>
  </testcase> <!-- @AfterTest teardown -->
  <testcase classname="com.apdr.testcases.LogInTestCases" name="loginToApDr" time="0.0">
    <skipped/>
  </testcase> <!-- loginToApDr -->
  <testcase classname="com.apdr.testcases.NewsAlertContent" name="hover_Over_Content_Button" time="0.0">
    <skipped/>
  </testcase> <!-- hover_Over_Content_Button -->
  <testcase classname="com.apdr.testcases.NewsAlertContent" name="addVideoContent" time="0.0">
    <skipped/>
  </testcase> <!-- addVideoContent -->
  <testcase classname="com.apdr.testcases.NewsAlertContent" name="add_News_Alert_Slug" time="0.0">
    <skipped/>
  </testcase> <!-- add_News_Alert_Slug -->
  <testcase classname="com.apdr.testcases.NewsAlertContent" name="add__Alert_News" time="0.0">
    <skipped/>
  </testcase> <!-- add__Alert_News -->
  <testcase classname="com.apdr.testcases.NewsAlertContent" name="add_DateLine_For_News_Alert" time="0.0">
    <skipped/>
  </testcase> <!-- add_DateLine_For_News_Alert -->
  <testcase classname="com.apdr.testcases.NewsAlertContent" name="select_News_Alert_Category" time="0.0">
    <skipped/>
  </testcase> <!-- select_News_Alert_Category -->
  <testcase classname="com.apdr.testcases.NewsAlertContent" name="add_EdsNote_For_News_Alert" time="0.0">
    <skipped/>
  </testcase> <!-- add_EdsNote_For_News_Alert -->
  <testcase classname="com.apdr.testcases.NewsAlertContent" name="click_Save_Button" time="0.0">
    <skipped/>
  </testcase> <!-- click_Save_Button -->
  <testcase classname="com.apdr.setup.TestBase" name="@BeforeTest initialization" time="0.0">
    <ignored/>
  </testcase> <!-- @BeforeTest initialization -->
</testsuite> <!-- Regression Test Suite  -->
